Array
(
    [success] => 
    [message] => Error formatting the date: Invalid date format.
)
Array
(
    [success] => 
    [message] => Error formatting the date: Invalid date format.
)
Received date: 2024-09-16
Received date: 2024-09-16
Array
(
    [success] => 
    [message] => Error formatting the date: Invalid date format.
)
Array
(
    [error] => Invalid date format. Expected format: YYYY-MM.
)
Array
(
    [error] => Invalid date format. Expected format: YYYY-MM.
)
Array
(
    [error] => Invalid date format. Expected format: YYYY-MM.
)
Array
(
    [success] => 
    [message] => Error executing the query: Incorrect integer value: '' for column `prwai_data`.`customers`.`Area_Number` at row 1
)
